
**** Build of configuration Debug for project RoverMotherboard ****

/opt/ti/ccsv6/utils/bin/gmake -k all 
making ../src/sysbios/sysbios.aem4f ...
gmake[1]: Entering directory `/home/mrdtdev/Motherboard/Software/CCS/RoverMotherboard/src/sysbios'
clem4f /opt/ti/tirtos_tivac_2_10_01_38/products/bios_6_41_00_26/packages/ti/sysbios/BIOS.c ...
asmem4f /opt/ti/tirtos_tivac_2_10_01_38/products/bios_6_41_00_26/packages/ti/sysbios/family/arm/m3/Hwi_asm.sv7M ...
asmem4f /opt/ti/tirtos_tivac_2_10_01_38/products/bios_6_41_00_26/packages/ti/sysbios/family/arm/m3/Hwi_asm_switch.sv7M ...
asmem4f /opt/ti/tirtos_tivac_2_10_01_38/products/bios_6_41_00_26/packages/ti/sysbios/family/arm/m3/IntrinsicsSupport_asm.sv7M ...
asmem4f /opt/ti/tirtos_tivac_2_10_01_38/products/bios_6_41_00_26/packages/ti/sysbios/family/arm/m3/TaskSupport_asm.sv7M ...
arem4f BIOS.obj m3_Hwi_asm.obj m3_Hwi_asm_switch.obj m3_IntrinsicsSupport_asm.obj m3_TaskSupport_asm.obj ...
gmake[1]: Leaving directory `/home/mrdtdev/Motherboard/Software/CCS/RoverMotherboard/src/sysbios'
Building file: ../RoverMotherboard.cfg
Invoking: XDCtools
"/opt/ti/xdctools_3_30_03_47_core/xs" --xdcpath="/opt/ti/tirtos_tivac_2_10_01_38/packages;/opt/ti/tirtos_tivac_2_10_01_38/products/bios_6_41_00_26/packages;/opt/ti/tirtos_tivac_2_10_01_38/products/ndk_2_24_01_18/packages;/opt/ti/tirtos_tivac_2_10_01_38/products/uia_2_00_02_39/packages;/opt/ti/ccsv6/ccs_base;" xdc.tools.configuro -o configPkg -t ti.targets.arm.elf.M4F -p ti.platforms.tiva:TM4C1294NCPDT -r release -c "/opt/ti/ccsv6/tools/compiler/arm_5.1.6" --compileOptions "-mv7M4 --code_state=16 --float_support=FPv4SPD16 --abi=eabi -me --include_path=\"/opt/ti/ccsv6/tools/compiler/arm_5.1.6/include\" --include_path=\"/opt/ti/tirtos_tivac_2_10_01_38/products/TivaWare_C_Series-2.1.0.12573c\" --include_path=\"/opt/ti/tirtos_tivac_2_10_01_38/products/ndk_2_24_01_18/packages/ti/ndk/inc/bsd\" -g --gcc --define=ccs=\"ccs\" --define=PART_TM4C1294NCPDT --define=ccs --define=TIVAWARE --display_error_number --diag_warning=225 --diag_wrap=off --gen_func_subsections=on  " "../RoverMotherboard.cfg"
making package.mak (because of package.bld) ...
generating interfaces for package configPkg (because package/package.xdc.inc is older than package.xdc) ...
configuring RoverMotherboard.xem4f from package/cfg/RoverMotherboard_pem4f.cfg ...
generating custom ti.sysbios library makefile ... 
Starting build of library sources ...
making /home/mrdtdev/Motherboard/Software/CCS/RoverMotherboard/src/sysbios/sysbios.aem4f ...
gmake[1]: Entering directory `/home/mrdtdev/Motherboard/Software/CCS/RoverMotherboard/src/sysbios'
gmake[1]: Nothing to be done for `all'.
gmake[1]: Leaving directory `/home/mrdtdev/Motherboard/Software/CCS/RoverMotherboard/src/sysbios'
Build of libraries done.
clem4f package/cfg/RoverMotherboard_pem4f.c ...
Finished building: ../RoverMotherboard.cfg
 
Building file: ../RoverMotherboardMain.c
Invoking: ARM Compiler
"/opt/ti/ccsv6/tools/compiler/arm_5.1.6/bin/armcl" -mv7M4 --code_state=16 --float_support=FPv4SPD16 --abi=eabi -me --include_path="/opt/ti/ccsv6/tools/compiler/arm_5.1.6/include" --include_path="/opt/ti/tirtos_tivac_2_10_01_38/products/TivaWare_C_Series-2.1.0.12573c" --include_path="/opt/ti/tirtos_tivac_2_10_01_38/products/ndk_2_24_01_18/packages/ti/ndk/inc/bsd" -g --gcc --define=ccs="ccs" --define=PART_TM4C1294NCPDT --define=ccs --define=TIVAWARE --display_error_number --diag_warning=225 --diag_wrap=off --gen_func_subsections=on --preproc_with_compile --preproc_dependency="RoverMotherboardMain.pp" --cmd_file="./configPkg/compiler.opt"  "../RoverMotherboardMain.c"
"../RoverMotherboardMain.c", line 85: warning #169-D: argument of type "int" is incompatible with parameter of type "PWM_Handle"
"../RoverMotherboardMain.c", line 85: warning #154-D: conversion of nonzero integer to pointer
"../RoverMotherboardMain.c", line 90: warning #169-D: argument of type "int" is incompatible with parameter of type "PWM_Handle"
"../RoverMotherboardMain.c", line 90: warning #154-D: conversion of nonzero integer to pointer
"../RoverMotherboardMain.c", line 95: warning #169-D: argument of type "int" is incompatible with parameter of type "PWM_Handle"
"../RoverMotherboardMain.c", line 95: warning #154-D: conversion of nonzero integer to pointer
"../RoverMotherboardMain.c", line 100: warning #169-D: argument of type "int" is incompatible with parameter of type "PWM_Handle"
"../RoverMotherboardMain.c", line 100: warning #154-D: conversion of nonzero integer to pointer
"../RoverMotherboardMain.c", line 105: warning #169-D: argument of type "int" is incompatible with parameter of type "PWM_Handle"
"../RoverMotherboardMain.c", line 105: warning #154-D: conversion of nonzero integer to pointer
"../RoverMotherboardMain.c", line 110: warning #169-D: argument of type "int" is incompatible with parameter of type "PWM_Handle"
"../RoverMotherboardMain.c", line 110: warning #154-D: conversion of nonzero integer to pointer
Finished building: ../RoverMotherboardMain.c
 
Building file: ../roveCmdCntrl.c
Invoking: ARM Compiler
"/opt/ti/ccsv6/tools/compiler/arm_5.1.6/bin/armcl" -mv7M4 --code_state=16 --float_support=FPv4SPD16 --abi=eabi -me --include_path="/opt/ti/ccsv6/tools/compiler/arm_5.1.6/include" --include_path="/opt/ti/tirtos_tivac_2_10_01_38/products/TivaWare_C_Series-2.1.0.12573c" --include_path="/opt/ti/tirtos_tivac_2_10_01_38/products/ndk_2_24_01_18/packages/ti/ndk/inc/bsd" -g --gcc --define=ccs="ccs" --define=PART_TM4C1294NCPDT --define=ccs --define=TIVAWARE --display_error_number --diag_warning=225 --diag_wrap=off --gen_func_subsections=on --preproc_with_compile --preproc_dependency="roveCmdCntrl.pp" --cmd_file="./configPkg/compiler.opt"  "../roveCmdCntrl.c"
"../roveCmdCntrl.c", line 274: error #20: identifier "base_counter_clock_wise" is undefined
"../roveCmdCntrl.c", line 60: warning #548-D: transfer of control bypasses initialization of:

>> Compilation failure
            variable "deviceJack" (declared at line 317)
"../roveCmdCntrl.c", line 42: warning #552-D: variable "robotArmCommand" was set but never used
1 error detected in the compilation of "../roveCmdCntrl.c".
gmake: *** [roveCmdCntrl.obj] Error 1
Building file: ../roveComTest.c
Invoking: ARM Compiler
"/opt/ti/ccsv6/tools/compiler/arm_5.1.6/bin/armcl" -mv7M4 --code_state=16 --float_support=FPv4SPD16 --abi=eabi -me --include_path="/opt/ti/ccsv6/tools/compiler/arm_5.1.6/include" --include_path="/opt/ti/tirtos_tivac_2_10_01_38/products/TivaWare_C_Series-2.1.0.12573c" --include_path="/opt/ti/tirtos_tivac_2_10_01_38/products/ndk_2_24_01_18/packages/ti/ndk/inc/bsd" -g --gcc --define=ccs="ccs" --define=PART_TM4C1294NCPDT --define=ccs --define=TIVAWARE --display_error_number --diag_warning=225 --diag_wrap=off --gen_func_subsections=on --preproc_with_compile --preproc_dependency="roveComTest.pp" --cmd_file="./configPkg/compiler.opt"  "../roveComTest.c"
Finished building: ../roveComTest.c
 
Building file: ../roveHardwareTester.c
Invoking: ARM Compiler
"/opt/ti/ccsv6/tools/compiler/arm_5.1.6/bin/armcl" -mv7M4 --code_state=16 --float_support=FPv4SPD16 --abi=eabi -me --include_path="/opt/ti/ccsv6/tools/compiler/arm_5.1.6/include" --include_path="/opt/ti/tirtos_tivac_2_10_01_38/products/TivaWare_C_Series-2.1.0.12573c" --include_path="/opt/ti/tirtos_tivac_2_10_01_38/products/ndk_2_24_01_18/packages/ti/ndk/inc/bsd" -g --gcc --define=ccs="ccs" --define=PART_TM4C1294NCPDT --define=ccs --define=TIVAWARE --display_error_number --diag_warning=225 --diag_wrap=off --gen_func_subsections=on --preproc_with_compile --preproc_dependency="roveHardwareTester.pp" --cmd_file="./configPkg/compiler.opt"  "../roveHardwareTester.c"
"../roveHardwareTester.c", line 15: warning #179-D: variable "j" was declared but never referenced
Finished building: ../roveHardwareTester.c
 
Building file: ../roveMotorControlTester.c
Invoking: ARM Compiler
"/opt/ti/ccsv6/tools/compiler/arm_5.1.6/bin/armcl" -mv7M4 --code_state=16 --float_support=FPv4SPD16 --abi=eabi -me --include_path="/opt/ti/ccsv6/tools/compiler/arm_5.1.6/include" --include_path="/opt/ti/tirtos_tivac_2_10_01_38/products/TivaWare_C_Series-2.1.0.12573c" --include_path="/opt/ti/tirtos_tivac_2_10_01_38/products/ndk_2_24_01_18/packages/ti/ndk/inc/bsd" -g --gcc --define=ccs="ccs" --define=PART_TM4C1294NCPDT --define=ccs --define=TIVAWARE --display_error_number --diag_warning=225 --diag_wrap=off --gen_func_subsections=on --preproc_with_compile --preproc_dependency="roveMotorControlTester.pp" --cmd_file="./configPkg/compiler.opt"  "../roveMotorControlTester.c"
Finished building: ../roveMotorControlTester.c
 
Building file: ../roveTcpHandler.c
Invoking: ARM Compiler
"/opt/ti/ccsv6/tools/compiler/arm_5.1.6/bin/armcl" -mv7M4 --code_state=16 --float_support=FPv4SPD16 --abi=eabi -me --include_path="/opt/ti/ccsv6/tools/compiler/arm_5.1.6/include" --include_path="/opt/ti/tirtos_tivac_2_10_01_38/products/TivaWare_C_Series-2.1.0.12573c" --include_path="/opt/ti/tirtos_tivac_2_10_01_38/products/ndk_2_24_01_18/packages/ti/ndk/inc/bsd" -g --gcc --define=ccs="ccs" --define=PART_TM4C1294NCPDT --define=ccs --define=TIVAWARE --display_error_number --diag_warning=225 --diag_wrap=off --gen_func_subsections=on --preproc_with_compile --preproc_dependency="roveTcpHandler.pp" --cmd_file="./configPkg/compiler.opt"  "../roveTcpHandler.c"
"../roveTcpHandler.c", line 27: warning #225-D: function "TaskSelf" declared implicitly
"../roveTcpHandler.c", line 165: error #128: expected a statement
"../roveTcpHandler.c", line 171: warning #12-D: parsing restarts here after previous syntax error
"../roveTcpHandler.c", line 180: warning #994-D: missing return statement at end of non-void function "roveRecv"
"../roveTcpHandler.c", line 180: error #68: expected a "}"
"../roveTcpHandler.c", line 204: warning #225-D: function "inet_pton" declared implicitly

>> Compilation failure
"../roveTcpHandler.c", line 183: warning #552-D: variable "timeout" was set but never used
"../roveTcpHandler.c", line 262: warning #169-D: argument of type "char (*)[30]" is incompatible with parameter of type "char *"
Building file: ../roveTelemCntrl.c
2 errors detected in the compilation of "../roveTcpHandler.c".
gmake: *** [roveTcpHandler.obj] Error 1
Invoking: ARM Compiler
"/opt/ti/ccsv6/tools/compiler/arm_5.1.6/bin/armcl" -mv7M4 --code_state=16 --float_support=FPv4SPD16 --abi=eabi -me --include_path="/opt/ti/ccsv6/tools/compiler/arm_5.1.6/include" --include_path="/opt/ti/tirtos_tivac_2_10_01_38/products/TivaWare_C_Series-2.1.0.12573c" --include_path="/opt/ti/tirtos_tivac_2_10_01_38/products/ndk_2_24_01_18/packages/ti/ndk/inc/bsd" -g --gcc --define=ccs="ccs" --define=PART_TM4C1294NCPDT --define=ccs --define=TIVAWARE --display_error_number --diag_warning=225 --diag_wrap=off --gen_func_subsections=on --preproc_with_compile --preproc_dependency="roveTelemCntrl.pp" --cmd_file="./configPkg/compiler.opt"  "../roveTelemCntrl.c"
Finished building: ../roveTelemCntrl.c
 
Building file: ../roveIncludes/tiHardware/EK_TM4C1294XL.c
Invoking: ARM Compiler
"/opt/ti/ccsv6/tools/compiler/arm_5.1.6/bin/armcl" -mv7M4 --code_state=16 --float_support=FPv4SPD16 --abi=eabi -me --include_path="/opt/ti/ccsv6/tools/compiler/arm_5.1.6/include" --include_path="/opt/ti/tirtos_tivac_2_10_01_38/products/TivaWare_C_Series-2.1.0.12573c" --include_path="/opt/ti/tirtos_tivac_2_10_01_38/products/ndk_2_24_01_18/packages/ti/ndk/inc/bsd" -g --gcc --define=ccs="ccs" --define=PART_TM4C1294NCPDT --define=ccs --define=TIVAWARE --display_error_number --diag_warning=225 --diag_wrap=off --gen_func_subsections=on --preproc_with_compile --preproc_dependency="roveIncludes/tiHardware/EK_TM4C1294XL.pp" --obj_directory="roveIncludes/tiHardware" --cmd_file="./configPkg/compiler.opt"  "../roveIncludes/tiHardware/EK_TM4C1294XL.c"
Finished building: ../roveIncludes/tiHardware/EK_TM4C1294XL.c
 
Building file: ../roveIncludes/roveWareSource/roveHardwareAbstraction.c
Invoking: ARM Compiler
"/opt/ti/ccsv6/tools/compiler/arm_5.1.6/bin/armcl" -mv7M4 --code_state=16 --float_support=FPv4SPD16 --abi=eabi -me --include_path="/opt/ti/ccsv6/tools/compiler/arm_5.1.6/include" --include_path="/opt/ti/tirtos_tivac_2_10_01_38/products/TivaWare_C_Series-2.1.0.12573c" --include_path="/opt/ti/tirtos_tivac_2_10_01_38/products/ndk_2_24_01_18/packages/ti/ndk/inc/bsd" -g --gcc --define=ccs="ccs" --define=PART_TM4C1294NCPDT --define=ccs --define=TIVAWARE --display_error_number --diag_warning=225 --diag_wrap=off --gen_func_subsections=on --preproc_with_compile --preproc_dependency="roveIncludes/roveWareSource/roveHardwareAbstraction.pp" --obj_directory="roveIncludes/roveWareSource" --cmd_file="./configPkg/compiler.opt"  "../roveIncludes/roveWareSource/roveHardwareAbstraction.c"
"../roveIncludes/roveWareSource/roveHardwareAbstraction.c", line 118: warning #169-D: argument of type "PWM_Handle" is incompatible with parameter of type "unsigned int"
"../roveIncludes/roveWareSource/roveHardwareAbstraction.c", line 112: warning #179-D: variable "duty" was declared but never referenced
"../roveIncludes/roveWareSource/roveHardwareAbstraction.c", line 113: warning #179-D: variable "dutyInc" was declared but never referenced
"../roveIncludes/roveWareSource/roveHardwareAbstraction.c", line 304: warning #225-D: function "Uart_read" declared implicitly
Finished building: ../roveIncludes/roveWareSource/roveHardwareAbstraction.c
 
Building file: ../roveIncludes/roveWareSource/roveJson.c
Invoking: ARM Compiler
"/opt/ti/ccsv6/tools/compiler/arm_5.1.6/bin/armcl" -mv7M4 --code_state=16 --float_support=FPv4SPD16 --abi=eabi -me --include_path="/opt/ti/ccsv6/tools/compiler/arm_5.1.6/include" --include_path="/opt/ti/tirtos_tivac_2_10_01_38/products/TivaWare_C_Series-2.1.0.12573c" --include_path="/opt/ti/tirtos_tivac_2_10_01_38/products/ndk_2_24_01_18/packages/ti/ndk/inc/bsd" -g --gcc --define=ccs="ccs" --define=PART_TM4C1294NCPDT --define=ccs --define=TIVAWARE --display_error_number --diag_warning=225 --diag_wrap=off --gen_func_subsections=on --preproc_with_compile --preproc_dependency="roveIncludes/roveWareSource/roveJson.pp" --obj_directory="roveIncludes/roveWareSource" --cmd_file="./configPkg/compiler.opt"  "../roveIncludes/roveWareSource/roveJson.c"
Finished building: ../roveIncludes/roveWareSource/roveJson.c
 
Building file: ../roveIncludes/roveWareSource/roveStructTransfer.c
Invoking: ARM Compiler
"/opt/ti/ccsv6/tools/compiler/arm_5.1.6/bin/armcl" -mv7M4 --code_state=16 --float_support=FPv4SPD16 --abi=eabi -me --include_path="/opt/ti/ccsv6/tools/compiler/arm_5.1.6/include" --include_path="/opt/ti/tirtos_tivac_2_10_01_38/products/TivaWare_C_Series-2.1.0.12573c" --include_path="/opt/ti/tirtos_tivac_2_10_01_38/products/ndk_2_24_01_18/packages/ti/ndk/inc/bsd" -g --gcc --define=ccs="ccs" --define=PART_TM4C1294NCPDT --define=ccs --define=TIVAWARE --display_error_number --diag_warning=225 --diag_wrap=off --gen_func_subsections=on --preproc_with_compile --preproc_dependency="roveIncludes/roveWareSource/roveStructTransfer.pp" --obj_directory="roveIncludes/roveWareSource" --cmd_file="./configPkg/compiler.opt"  "../roveIncludes/roveWareSource/roveStructTransfer.c"
"../roveIncludes/roveWareSource/../mrdtRoveWare.h", line 50: error #20: identifier "uint8_t" is undefined
1 error detected in the compilation of "../roveIncludes/roveWareSource/roveStructTransfer.c".

>> Compilation failure
gmake: *** [roveIncludes/roveWareSource/roveStructTransfer.obj] Error 1
Building file: ../roveIncludes/roveWareSource/roveStructs.c
Invoking: ARM Compiler
"/opt/ti/ccsv6/tools/compiler/arm_5.1.6/bin/armcl" -mv7M4 --code_state=16 --float_support=FPv4SPD16 --abi=eabi -me --include_path="/opt/ti/ccsv6/tools/compiler/arm_5.1.6/include" --include_path="/opt/ti/tirtos_tivac_2_10_01_38/products/TivaWare_C_Series-2.1.0.12573c" --include_path="/opt/ti/tirtos_tivac_2_10_01_38/products/ndk_2_24_01_18/packages/ti/ndk/inc/bsd" -g --gcc --define=ccs="ccs" --define=PART_TM4C1294NCPDT --define=ccs --define=TIVAWARE --display_error_number --diag_warning=225 --diag_wrap=off --gen_func_subsections=on --preproc_with_compile --preproc_dependency="roveIncludes/roveWareSource/roveStructs.pp" --obj_directory="roveIncludes/roveWareSource" --cmd_file="./configPkg/compiler.opt"  "../roveIncludes/roveWareSource/roveStructs.c"
Finished building: ../roveIncludes/roveWareSource/roveStructs.c
 
Building file: ../roveIncludes/roveWareSource/roveTiming.c
Invoking: ARM Compiler
"/opt/ti/ccsv6/tools/compiler/arm_5.1.6/bin/armcl" -mv7M4 --code_state=16 --float_support=FPv4SPD16 --abi=eabi -me --include_path="/opt/ti/ccsv6/tools/compiler/arm_5.1.6/include" --include_path="/opt/ti/tirtos_tivac_2_10_01_38/products/TivaWare_C_Series-2.1.0.12573c" --include_path="/opt/ti/tirtos_tivac_2_10_01_38/products/ndk_2_24_01_18/packages/ti/ndk/inc/bsd" -g --gcc --define=ccs="ccs" --define=PART_TM4C1294NCPDT --define=ccs --define=TIVAWARE --display_error_number --diag_warning=225 --diag_wrap=off --gen_func_subsections=on --preproc_with_compile --preproc_dependency="roveIncludes/roveWareSource/roveTiming.pp" --obj_directory="roveIncludes/roveWareSource" --cmd_file="./configPkg/compiler.opt"  "../roveIncludes/roveWareSource/roveTiming.c"
"../roveIncludes/roveWareSource/roveTiming.c", line 21: warning #225-D: function "SysCtlDelay" declared implicitly
"../roveIncludes/roveWareSource/roveTiming.c", line 21: warning #225-D: function "SysCtlClockGet" declared implicitly
Finished building: ../roveIncludes/roveWareSource/roveTiming.c
 
Building file: ../roveIncludes/roveWareSource/roveUarts.c
Invoking: ARM Compiler
"/opt/ti/ccsv6/tools/compiler/arm_5.1.6/bin/armcl" -mv7M4 --code_state=16 --float_support=FPv4SPD16 --abi=eabi -me --include_path="/opt/ti/ccsv6/tools/compiler/arm_5.1.6/include" --include_path="/opt/ti/tirtos_tivac_2_10_01_38/products/TivaWare_C_Series-2.1.0.12573c" --include_path="/opt/ti/tirtos_tivac_2_10_01_38/products/ndk_2_24_01_18/packages/ti/ndk/inc/bsd" -g --gcc --define=ccs="ccs" --define=PART_TM4C1294NCPDT --define=ccs --define=TIVAWARE --display_error_number --diag_warning=225 --diag_wrap=off --gen_func_subsections=on --preproc_with_compile --preproc_dependency="roveIncludes/roveWareSource/roveUarts.pp" --obj_directory="roveIncludes/roveWareSource" --cmd_file="./configPkg/compiler.opt"  "../roveIncludes/roveWareSource/roveUarts.c"
Finished building: ../roveIncludes/roveWareSource/roveUarts.c
 
gmake: Target `all' not remade because of errors.

**** Build Finished ****
