
**** Build of configuration Debug for project RoverMotherboard ****

/opt/ti/ccsv6/utils/bin/gmake -k all 
making ../src/sysbios/sysbios.aem4f ...
gmake[1]: Entering directory `/home/mrdtdev/Motherboard/Software/CCS/RoverMotherboard/src/sysbios'
gmake[1]: Nothing to be done for `all'.
gmake[1]: Leaving directory `/home/mrdtdev/Motherboard/Software/CCS/RoverMotherboard/src/sysbios'
Building file: ../roveCmdCntrl.c
Invoking: ARM Compiler
"/opt/ti/ccsv6/tools/compiler/arm_5.1.6/bin/armcl" -mv7M4 --code_state=16 --float_support=FPv4SPD16 --abi=eabi -me --include_path="/opt/ti/ccsv6/tools/compiler/arm_5.1.6/include" --include_path="/opt/ti/tirtos_tivac_2_10_01_38/products/TivaWare_C_Series-2.1.0.12573c" --include_path="/opt/ti/tirtos_tivac_2_10_01_38/products/ndk_2_24_01_18/packages/ti/ndk/inc/bsd" -g --gcc --define=ccs="ccs" --define=PART_TM4C1294NCPDT --define=ccs --define=TIVAWARE --display_error_number --diag_warning=225 --diag_wrap=off --gen_func_subsections=on --preproc_with_compile --preproc_dependency="roveCmdCntrl.pp" --cmd_file="./configPkg/compiler.opt"  "../roveCmdCntrl.c"
"../roveCmdCntrl.c", line 90: warning #169-D: argument of type "char (*)[1]" is incompatible with parameter of type "int"
"../roveCmdCntrl.c", line 144: warning #112-D: statement is unreachable
Finished building: ../roveCmdCntrl.c
 
Building file: ../roveTcpHandler.c
Invoking: ARM Compiler
"/opt/ti/ccsv6/tools/compiler/arm_5.1.6/bin/armcl" -mv7M4 --code_state=16 --float_support=FPv4SPD16 --abi=eabi -me --include_path="/opt/ti/ccsv6/tools/compiler/arm_5.1.6/include" --include_path="/opt/ti/tirtos_tivac_2_10_01_38/products/TivaWare_C_Series-2.1.0.12573c" --include_path="/opt/ti/tirtos_tivac_2_10_01_38/products/ndk_2_24_01_18/packages/ti/ndk/inc/bsd" -g --gcc --define=ccs="ccs" --define=PART_TM4C1294NCPDT --define=ccs --define=TIVAWARE --display_error_number --diag_warning=225 --diag_wrap=off --gen_func_subsections=on --preproc_with_compile --preproc_dependency="roveTcpHandler.pp" --cmd_file="./configPkg/compiler.opt"  "../roveTcpHandler.c"
"../roveTcpHandler.c", line 27: warning #225-D: function "TaskSelf" declared implicitly
"../roveTcpHandler.c", line 106: warning #225-D: function "inet_pton" declared implicitly
"../roveTcpHandler.c", line 299: warning #112-D: statement is unreachable
"../roveTcpHandler.c", line 37: warning #179-D: variable "bytesSent" was declared but never referenced
"../roveTcpHandler.c", line 42: warning #179-D: variable "socketStatus" was declared but never referenced
"../roveTcpHandler.c", line 56: warning #179-D: variable "toBaseTelem" was declared but never referenced
Finished building: ../roveTcpHandler.c
 
Building file: ../roveTelemCntrl.c
Invoking: ARM Compiler
"/opt/ti/ccsv6/tools/compiler/arm_5.1.6/bin/armcl" -mv7M4 --code_state=16 --float_support=FPv4SPD16 --abi=eabi -me --include_path="/opt/ti/ccsv6/tools/compiler/arm_5.1.6/include" --include_path="/opt/ti/tirtos_tivac_2_10_01_38/products/TivaWare_C_Series-2.1.0.12573c" --include_path="/opt/ti/tirtos_tivac_2_10_01_38/products/ndk_2_24_01_18/packages/ti/ndk/inc/bsd" -g --gcc --define=ccs="ccs" --define=PART_TM4C1294NCPDT --define=ccs --define=TIVAWARE --display_error_number --diag_warning=225 --diag_wrap=off --gen_func_subsections=on --preproc_with_compile --preproc_dependency="roveTelemCntrl.pp" --cmd_file="./configPkg/compiler.opt"  "../roveTelemCntrl.c"
"../roveTelemCntrl.c", line 103: warning #9-D: nested comment is not allowed
"../roveTelemCntrl.c", line 105: warning #9-D: nested comment is not allowed
Finished building: ../roveTelemCntrl.c
 
Building file: ../roveIncludes/roveStructXfer.c
Invoking: ARM Compiler
"/opt/ti/ccsv6/tools/compiler/arm_5.1.6/bin/armcl" -mv7M4 --code_state=16 --float_support=FPv4SPD16 --abi=eabi -me --include_path="/opt/ti/ccsv6/tools/compiler/arm_5.1.6/include" --include_path="/opt/ti/tirtos_tivac_2_10_01_38/products/TivaWare_C_Series-2.1.0.12573c" --include_path="/opt/ti/tirtos_tivac_2_10_01_38/products/ndk_2_24_01_18/packages/ti/ndk/inc/bsd" -g --gcc --define=ccs="ccs" --define=PART_TM4C1294NCPDT --define=ccs --define=TIVAWARE --display_error_number --diag_warning=225 --diag_wrap=off --gen_func_subsections=on --preproc_with_compile --preproc_dependency="roveIncludes/roveStructXfer.pp" --obj_directory="roveIncludes" --cmd_file="./configPkg/compiler.opt"  "../roveIncludes/roveStructXfer.c"
Finished building: ../roveIncludes/roveStructXfer.c
 
Building file: ../roveIncludes/roveUarts.c
Invoking: ARM Compiler
"/opt/ti/ccsv6/tools/compiler/arm_5.1.6/bin/armcl" -mv7M4 --code_state=16 --float_support=FPv4SPD16 --abi=eabi -me --include_path="/opt/ti/ccsv6/tools/compiler/arm_5.1.6/include" --include_path="/opt/ti/tirtos_tivac_2_10_01_38/products/TivaWare_C_Series-2.1.0.12573c" --include_path="/opt/ti/tirtos_tivac_2_10_01_38/products/ndk_2_24_01_18/packages/ti/ndk/inc/bsd" -g --gcc --define=ccs="ccs" --define=PART_TM4C1294NCPDT --define=ccs --define=TIVAWARE --display_error_number --diag_warning=225 --diag_wrap=off --gen_func_subsections=on --preproc_with_compile --preproc_dependency="roveIncludes/roveUarts.pp" --obj_directory="roveIncludes" --cmd_file="./configPkg/compiler.opt"  "../roveIncludes/roveUarts.c"
Finished building: ../roveIncludes/roveUarts.c
 
Building target: RoverMotherboard.out
Invoking: ARM Linker
"/opt/ti/ccsv6/tools/compiler/arm_5.1.6/bin/armcl" -mv7M4 --code_state=16 --float_support=FPv4SPD16 --abi=eabi -me -g --gcc --define=ccs="ccs" --define=PART_TM4C1294NCPDT --define=ccs --define=TIVAWARE --display_error_number --diag_warning=225 --diag_wrap=off --gen_func_subsections=on -z -m"RoverMotherboard.map" --heap_size=0 --stack_size=512 -i"/opt/ti/ccsv6/tools/compiler/arm_5.1.6/lib" -i"/opt/ti/ccsv6/tools/compiler/arm_5.1.6/include" --reread_libs --warn_sections --display_error_number --diag_wrap=off --xml_link_info="RoverMotherboard_linkInfo.xml" --rom_model -o "RoverMotherboard.out" -l"./configPkg/linker.cmd"  "./RoverMotherboardMain.obj" "./roveCmdCntrl.obj" "./roveTcpHandler.obj" "./roveTelemCntrl.obj" "./roveIncludes/EK_TM4C1294XL.obj" "./roveIncludes/roveJson.obj" "./roveIncludes/roveMuxes.obj" "./roveIncludes/roveStructXfer.obj" "./roveIncludes/roveTiming.obj" "./roveIncludes/roveUarts.obj" "../roveIncludes/EK_TM4C1294XL.cmd" -l"libc.a" -l"/opt/ti/tirtos_tivac_2_10_01_38/products/TivaWare_C_Series-2.1.0.12573c/driverlib/ccs/Debug/driverlib.lib" -l"/opt/ti/tirtos_tivac_2_10_01_38/products/TivaWare_C_Series-2.1.0.12573c/usblib/ccs/Debug/usblib.lib" 
<Linking>
Finished building target: RoverMotherboard.out
 

**** Build Finished ****
