#
# A fatal error has been detected by the Java Runtime Environment:
#
#  EXCEPTION_ACCESS_VIOLATION (0xc0000005) at pc=0x617493cd, pid=3748, tid=9368
#
# JRE version: Java(TM) SE Runtime Environment (8.0_91-b14) (build 1.8.0_91-b14)
# Java VM: Java HotSpot(TM) Client VM (25.91-b14 mixed mode windows-x86 )
# Problematic frame:
# C  [listSerialsj.dll+0x93cd]
#
# Failed to write core dump. Minidumps are not enabled by default on client versions of Windows
#
# If you would like to submit a bug report, please visit:
#   http://bugreport.java.com/bugreport/crash.jsp
# The crash happened outside the Java Virtual Machine in native code.
# See problematic frame for where to report the bug.
#

---------------  T H R E A D  ---------------

Current thread (0x25d1f000):  JavaThread "cc.arduino.packages.discoverers.serial.SerialBoardsLister" [_thread_in_native, id=9368, stack(0x26f80000,0x26fd0000)]

siginfo: ExceptionCode=0xc0000005, writing address 0x00000000

Registers:
EAX=0x00000000, EBX=0x00000a38, ECX=0x00000000, EDX=0x00000001
ESP=0x26fce9e0, EBP=0x26fcee38, ESI=0x00000001, EDI=0x0091bd10
EIP=0x617493cd, EFLAGS=0x00010246

Top of Stack: (sp=0x26fce9e0)
0x26fce9e0:   257f4080 0000002e 00000002 00000000
0x26fce9f0:   00000003 00000000 00000000 00000000
0x26fcea00:   26fcf1ac 26fcf1a8 0000006c 7404a540
0x26fcea10:   258056f8 00fcf0ec 0091bfc8 00000053
0x26fcea20:   26fcf0f8 26fcf0fc 00000071 00000002
0x26fcea30:   00000001 0000006c 00000019 0000008c
0x26fcea40:   008cee50 00000000 334d4f43 00fcf100
0x26fcea50:   00425355 25357e9e 26fcea70 5b2d5f8e 

Instructions: (pc=0x617493cd)
0x617493ad:   8b 45 08 8b 90 94 00 00 00 85 d2 74 16 8b 40 2c
0x617493bd:   c7 44 24 04 2e 00 00 00 89 04 24 e8 73 14 00 00
0x617493cd:   c6 00 00 8d 85 04 fc ff ff 89 44 24 18 8d 85 0a
0x617493dd:   fc ff ff 89 44 24 10 a1 e4 01 75 61 c7 85 04 fc 


Register to memory mapping:

EAX=0x00000000 is an unknown value
EBX=0x00000a38 is an unknown value
ECX=0x00000000 is an unknown value
EDX=0x00000001 is an unknown value
ESP=0x26fce9e0 is pointing into the stack for thread: 0x25d1f000
EBP=0x26fcee38 is pointing into the stack for thread: 0x25d1f000
ESI=0x00000001 is an unknown value
EDI=0x0091bd10 is an unknown value


Stack: [0x26f80000,0x26fd0000],  sp=0x26fce9e0,  free space=314k
Native frames: (J=compiled Java code, j=interpreted, Vv=VM code, C=native code)
C  [listSerialsj.dll+0x93cd]
C  [listSerialsj.dll+0x2211]

Java frames: (J=compiled Java code, j=interpreted, Vv=VM code)
j  processing.app.Platform.listSerialsNative()[Ljava/lang/String;+0
j  processing.app.Platform.listSerials()Ljava/util/List;+5
j  cc.arduino.packages.discoverers.serial.SerialBoardsLister.retriggerDiscovery(Z)V+22
j  cc.arduino.packages.discoverers.serial.SerialBoardsLister.run()V+9
J 5059% C1 java.util.TimerThread.mainLoop()V (232 bytes) @ 0x02bfd754 [0x02bfd320+0x434]
j  java.util.TimerThread.run()V+1
v  ~StubRoutines::call_stub

---------------  P R O C E S S  ---------------

Java Threads: ( => current thread )
  0x27966000 JavaThread "EventThread COM3" [_thread_in_native, id=9540, stack(0x00a00000,0x00a50000)]
  0x27962c00 JavaThread "DestroyJavaVM" [_thread_blocked, id=7616, stack(0x024f0000,0x02540000)]
  0x25e2d800 JavaThread "AWT-EventQueue-0" [_thread_blocked, id=4172, stack(0x28320000,0x28370000)]
  0x25e2d000 JavaThread "AWT-Shutdown" [_thread_blocked, id=7460, stack(0x28290000,0x282e0000)]
  0x25e2ec00 JavaThread "TimerQueue" daemon [_thread_blocked, id=3604, stack(0x28100000,0x28150000)]
  0x25e2dc00 JavaThread "Batik CleanerThread" daemon [_thread_blocked, id=7064, stack(0x02580000,0x025d0000)]
  0x25e2e400 JavaThread "JmDNS(fe80:0:0:0:c49d:1290:4d00:91ca%wlan1.local.).Timer" daemon [_thread_blocked, id=4592, stack(0x26890000,0x268e0000)]
  0x25e2cc00 JavaThread "JmDNS(fe80:0:0:0:c49d:1290:4d00:91ca%wlan1.local.).State.Timer" [_thread_blocked, id=10532, stack(0x26800000,0x26850000)]
  0x25e2fc00 JavaThread "JmDNS(fe80:0:0:0:c49d:1290:4d00:91ca%wlan1.local.).Timer" daemon [_thread_blocked, id=7308, stack(0x26770000,0x267c0000)]
  0x25e2f000 JavaThread "SocketListener(fe80:0:0:0:c49d:1290:4d00:91ca%wlan1.local.)" daemon [_thread_in_native, id=11212, stack(0x266e0000,0x26730000)]
  0x25e2f800 JavaThread "JmDNS(10-106-21-172.local.).Timer" daemon [_thread_blocked, id=11156, stack(0x26550000,0x265a0000)]
  0x25e0cc00 JavaThread "JmDNS(10-106-21-172.local.).State.Timer" [_thread_blocked, id=7500, stack(0x264c0000,0x26510000)]
  0x25e0c800 JavaThread "JmDNS(10-106-21-172.local.).Timer" daemon [_thread_blocked, id=11236, stack(0x26430000,0x26480000)]
  0x25df7400 JavaThread "SocketListener(10-106-21-172.local.)" daemon [_thread_in_native, id=10692, stack(0x263a0000,0x263f0000)]
  0x25d62800 JavaThread "cc.arduino.packages.discoverers.network.BoardReachabilityFilter" [_thread_blocked, id=1680, stack(0x270a0000,0x270f0000)]
  0x25d47800 JavaThread "cc.arduino.packages.discoverers.network.NetworkChecker" [_thread_blocked, id=11124, stack(0x27010000,0x27060000)]
=>0x25d1f000 JavaThread "cc.arduino.packages.discoverers.serial.SerialBoardsLister" [_thread_in_native, id=9368, stack(0x26f80000,0x26fd0000)]
  0x25d1c800 JavaThread "AWT-Windows" daemon [_thread_in_native, id=8332, stack(0x26220000,0x26270000)]
  0x25cf2400 JavaThread "Java2D Disposer" daemon [_thread_blocked, id=7172, stack(0x26100000,0x26150000)]
  0x2539a400 JavaThread "Service Thread" daemon [_thread_blocked, id=10796, stack(0x25ae0000,0x25b30000)]
  0x25379400 JavaThread "C1 CompilerThread0" daemon [_thread_blocked, id=4336, stack(0x25a50000,0x25aa0000)]
  0x25378800 JavaThread "Attach Listener" daemon [_thread_blocked, id=3180, stack(0x259c0000,0x25a10000)]
  0x25374800 JavaThread "Signal Dispatcher" daemon [_thread_blocked, id=3724, stack(0x25930000,0x25980000)]
  0x2536bc00 JavaThread "Finalizer" daemon [_thread_blocked, id=4932, stack(0x256b0000,0x25700000)]
  0x25356000 JavaThread "Reference Handler" daemon [_thread_blocked, id=9040, stack(0x25620000,0x25670000)]

Other Threads:
  0x25350400 VMThread [stack: 0x25590000,0x255e0000] [id=944]
  0x253af400 WatcherThread [stack: 0x25b70000,0x25bc0000] [id=9292]

VM state:not at safepoint (normal execution)

VM Mutex/Monitor currently owned by a thread: None

Heap:
 def new generation   total 39424K, used 8553K [0x04c00000, 0x076c0000, 0x0f6a0000)
  eden space 35072K,  22% used [0x04c00000, 0x053b1b20, 0x06e40000)
  from space 4352K,  15% used [0x06e40000, 0x06ee8be8, 0x07280000)
  to   space 4352K,   0% used [0x07280000, 0x07280000, 0x076c0000)
 tenured generation   total 87424K, used 31670K [0x0f6a0000, 0x14c00000, 0x24c00000)
   the space 87424K,  36% used [0x0f6a0000, 0x1158d978, 0x1158da00, 0x14c00000)
 Metaspace       used 18144K, capacity 18547K, committed 18560K, reserved 18816K

Card table byte_map: [0x04ad0000,0x04be0000] byte_map_base: 0x04aaa000

Polling page: 0x008b0000

CodeCache: size=32768Kb used=2045Kb max_used=3334Kb free=30722Kb
 bounds [0x02ad0000, 0x02e18000, 0x04ad0000]
 total_blobs=1238 nmethods=963 adapters=204
 compilation: enabled

Compilation events (10 events):
Event: 10005.306 Thread 0x25379400 11329             java.util.concurrent.locks.AbstractQueuedSynchronizer$ConditionObject::doSignalAll (36 bytes)
Event: 10005.306 Thread 0x25379400 nmethod 11329 0x02c3ac08 code [0x02c3ad10, 0x02c3ae0c]
Event: 10007.477 Thread 0x25379400 11330             java.util.HashMap$HashIterator::<init> (79 bytes)
Event: 10007.478 Thread 0x25379400 nmethod 11330 0x02b90b88 code [0x02b90c80, 0x02b90db0]
Event: 10007.819 Thread 0x25379400 11331   !         sun.awt.AWTAutoShutdown::notifyThreadFree (74 bytes)
Event: 10007.819 Thread 0x25379400 nmethod 11331 0x02b9c308 code [0x02b9c440, 0x02b9c834]
Event: 10010.378 Thread 0x25379400 11332             java.lang.ref.Reference::<init> (25 bytes)
Event: 10010.378 Thread 0x25379400 nmethod 11332 0x02c3a9c8 code [0x02c3aac0, 0x02c3ab90]
Event: 10010.471 Thread 0x25379400 11333             java.util.HashMap::afterNodeAccess (1 bytes)
Event: 10010.471 Thread 0x25379400 nmethod 11333 0x02b741c8 code [0x02b742c0, 0x02b74340]

GC Heap History (10 events):
Event: 9415.445 GC heap before
{Heap before GC invocations=802 (full 1):
 def new generation   total 39424K, used 36829K [0x04c00000, 0x076c0000, 0x0f6a0000)
  eden space 35072K, 100% used [0x04c00000, 0x06e40000, 0x06e40000)
  from space 4352K,  40% used [0x07280000, 0x074377f0, 0x076c0000)
  to   space 4352K,   0% used [0x06e40000, 0x06e40000, 0x07280000)
 tenured generation   total 87424K, used 31589K [0x0f6a0000, 0x14c00000, 0x24c00000)
   the space 87424K,  36% used [0x0f6a0000, 0x11579598, 0x11579600, 0x14c00000)
 Metaspace       used 18134K, capacity 18547K, committed 18560K, reserved 18816K
Event: 9415.450 GC heap after
Heap after GC invocations=803 (full 1):
 def new generation   total 39424K, used 1416K [0x04c00000, 0x076c0000, 0x0f6a0000)
  eden space 35072K,   0% used [0x04c00000, 0x04c00000, 0x06e40000)
  from space 4352K,  32% used [0x06e40000, 0x06fa2220, 0x07280000)
  to   space 4352K,   0% used [0x07280000, 0x07280000, 0x076c0000)
 tenured generation   total 87424K, used 31589K [0x0f6a0000, 0x14c00000, 0x24c00000)
   the space 87424K,  36% used [0x0f6a0000, 0x11579598, 0x11579600, 0x14c00000)
 Metaspace       used 18134K, capacity 18547K, committed 18560K, reserved 18816K
}
Event: 9488.887 GC heap before
{Heap before GC invocations=803 (full 1):
 def new generation   total 39424K, used 36488K [0x04c00000, 0x076c0000, 0x0f6a0000)
  eden space 35072K, 100% used [0x04c00000, 0x06e40000, 0x06e40000)
  from space 4352K,  32% used [0x06e40000, 0x06fa2220, 0x07280000)
  to   space 4352K,   0% used [0x07280000, 0x07280000, 0x076c0000)
 tenured generation   total 87424K, used 31589K [0x0f6a0000, 0x14c00000, 0x24c00000)
   the space 87424K,  36% used [0x0f6a0000, 0x11579598, 0x11579600, 0x14c00000)
 Metaspace       used 18143K, capacity 18547K, committed 18560K, reserved 18816K
Event: 9488.891 GC heap after
Heap after GC invocations=804 (full 1):
 def new generation   total 39424K, used 2249K [0x04c00000, 0x076c0000, 0x0f6a0000)
  eden space 35072K,   0% used [0x04c00000, 0x04c00000, 0x06e40000)
  from space 4352K,  51% used [0x07280000, 0x074b2770, 0x076c0000)
  to   space 4352K,   0% used [0x06e40000, 0x06e40000, 0x07280000)
 tenured generation   total 87424K, used 31589K [0x0f6a0000, 0x14c00000, 0x24c00000)
   the space 87424K,  36% used [0x0f6a0000, 0x11579598, 0x11579600, 0x14c00000)
 Metaspace       used 18143K, capacity 18547K, committed 18560K, reserved 18816K
}
Event: 9550.458 GC heap before
{Heap before GC invocations=804 (full 1):
 def new generation   total 39424K, used 37321K [0x04c00000, 0x076c0000, 0x0f6a0000)
  eden space 35072K, 100% used [0x04c00000, 0x06e40000, 0x06e40000)
  from space 4352K,  51% used [0x07280000, 0x074b2770, 0x076c0000)
  to   space 4352K,   0% used [0x06e40000, 0x06e40000, 0x07280000)
 tenured generation   total 87424K, used 31589K [0x0f6a0000, 0x14c00000, 0x24c00000)
   the space 87424K,  36% used [0x0f6a0000, 0x11579598, 0x11579600, 0x14c00000)
 Metaspace       used 18144K, capacity 18547K, committed 18560K, reserved 18816K
Event: 9550.463 GC heap after
Heap after GC invocations=805 (full 1):
 def new generation   total 39424K, used 1237K [0x04c00000, 0x076c0000, 0x0f6a0000)
  eden space 35072K,   0% used [0x04c00000, 0x04c00000, 0x06e40000)
  from space 4352K,  28% used [0x06e40000, 0x06f757f8, 0x07280000)
  to   space 4352K,   0% used [0x07280000, 0x07280000, 0x076c0000)
 tenured generation   total 87424K, used 31670K [0x0f6a0000, 0x14c00000, 0x24c00000)
   the space 87424K,  36% used [0x0f6a0000, 0x1158d978, 0x1158da00, 0x14c00000)
 Metaspace       used 18144K, capacity 18547K, committed 18560K, reserved 18816K
}
Event: 9794.731 GC heap before
{Heap before GC invocations=805 (full 1):
 def new generation   total 39424K, used 36309K [0x04c00000, 0x076c0000, 0x0f6a0000)
  eden space 35072K, 100% used [0x04c00000, 0x06e40000, 0x06e40000)
  from space 4352K,  28% used [0x06e40000, 0x06f757f8, 0x07280000)
  to   space 4352K,   0% used [0x07280000, 0x07280000, 0x076c0000)
 tenured generation   total 87424K, used 31670K [0x0f6a0000, 0x14c00000, 0x24c00000)
   the space 87424K,  36% used [0x0f6a0000, 0x1158d978, 0x1158da00, 0x14c00000)
 Metaspace       used 18144K, capacity 18547K, committed 18560K, reserved 18816K
Event: 9794.734 GC heap after
Heap after GC invocations=806 (full 1):
 def new generation   total 39424K, used 1781K [0x04c00000, 0x076c0000, 0x0f6a0000)
  eden space 35072K,   0% used [0x04c00000, 0x04c00000, 0x06e40000)
  from space 4352K,  40% used [0x07280000, 0x0743d460, 0x076c0000)
  to   space 4352K,   0% used [0x06e40000, 0x06e40000, 0x07280000)
 tenured generation   total 87424K, used 31670K [0x0f6a0000, 0x14c00000, 0x24c00000)
   the space 87424K,  36% used [0x0f6a0000, 0x1158d978, 0x1158da00, 0x14c00000)
 Metaspace       used 18144K, capacity 18547K, committed 18560K, reserved 18816K
}
Event: 9952.208 GC heap before
{Heap before GC invocations=806 (full 1):
 def new generation   total 39424K, used 36853K [0x04c00000, 0x076c0000, 0x0f6a0000)
  eden space 35072K, 100% used [0x04c00000, 0x06e40000, 0x06e40000)
  from space 4352K,  40% used [0x07280000, 0x0743d460, 0x076c0000)
  to   space 4352K,   0% used [0x06e40000, 0x06e40000, 0x07280000)
 tenured generation   total 87424K, used 31670K [0x0f6a0000, 0x14c00000, 0x24c00000)
   the space 87424K,  36% used [0x0f6a0000, 0x1158d978, 0x1158da00, 0x14c00000)
 Metaspace       used 18144K, capacity 18547K, committed 18560K, reserved 18816K
Event: 9952.211 GC heap after
Heap after GC invocations=807 (full 1):
 def new generation   total 39424K, used 674K [0x04c00000, 0x076c0000, 0x0f6a0000)
  eden space 35072K,   0% used [0x04c00000, 0x04c00000, 0x06e40000)
  from space 4352K,  15% used [0x06e40000, 0x06ee8be8, 0x07280000)
  to   space 4352K,   0% used [0x07280000, 0x07280000, 0x076c0000)
 tenured generation   total 87424K, used 31670K [0x0f6a0000, 0x14c00000, 0x24c00000)
   the space 87424K,  36% used [0x0f6a0000, 0x1158d978, 0x1158da00, 0x14c00000)
 Metaspace       used 18144K, capacity 18547K, committed 18560K, reserved 18816K
}

Deoptimization events (0 events):
No events

Internal exceptions (10 events):
Event: 9555.111 Thread 0x27966c00 Exception <a 'sun/nio/fs/WindowsException'> (0x04f8b060) thrown at [C:\re\workspace\8-2-build-windows-i586-cygwin\jdk8u91\6644\hotspot\src\share\vm\prims\jni.cpp, line 709]
Event: 9555.111 Thread 0x27966c00 Exception <a 'sun/nio/fs/WindowsException'> (0x04f8b780) thrown at [C:\re\workspace\8-2-build-windows-i586-cygwin\jdk8u91\6644\hotspot\src\share\vm\prims\jni.cpp, line 709]
Event: 9555.112 Thread 0x27966c00 Exception <a 'sun/nio/fs/WindowsException'> (0x04f95f48) thrown at [C:\re\workspace\8-2-build-windows-i586-cygwin\jdk8u91\6644\hotspot\src\share\vm\prims\jni.cpp, line 709]
Event: 9555.112 Thread 0x27966c00 Exception <a 'sun/nio/fs/WindowsException'> (0x04f96658) thrown at [C:\re\workspace\8-2-build-windows-i586-cygwin\jdk8u91\6644\hotspot\src\share\vm\prims\jni.cpp, line 709]
Event: 9555.114 Thread 0x27966c00 Exception <a 'sun/nio/fs/WindowsException'> (0x04fa09c0) thrown at [C:\re\workspace\8-2-build-windows-i586-cygwin\jdk8u91\6644\hotspot\src\share\vm\prims\jni.cpp, line 709]
Event: 9555.114 Thread 0x27966c00 Exception <a 'sun/nio/fs/WindowsException'> (0x04fa10b8) thrown at [C:\re\workspace\8-2-build-windows-i586-cygwin\jdk8u91\6644\hotspot\src\share\vm\prims\jni.cpp, line 709]
Event: 9555.115 Thread 0x27966c00 Exception <a 'sun/nio/fs/WindowsException'> (0x04fac9f0) thrown at [C:\re\workspace\8-2-build-windows-i586-cygwin\jdk8u91\6644\hotspot\src\share\vm\prims\jni.cpp, line 709]
Event: 9555.115 Thread 0x27966c00 Exception <a 'sun/nio/fs/WindowsException'> (0x04fad0e8) thrown at [C:\re\workspace\8-2-build-windows-i586-cygwin\jdk8u91\6644\hotspot\src\share\vm\prims\jni.cpp, line 709]
Event: 9555.116 Thread 0x27966c00 Exception <a 'sun/nio/fs/WindowsException'> (0x04fb74d8) thrown at [C:\re\workspace\8-2-build-windows-i586-cygwin\jdk8u91\6644\hotspot\src\share\vm\prims\jni.cpp, line 709]
Event: 9555.116 Thread 0x27966c00 Exception <a 'sun/nio/fs/WindowsException'> (0x04fb7bd0) thrown at [C:\re\workspace\8-2-build-windows-i586-cygwin\jdk8u91\6644\hotspot\src\share\vm\prims\jni.cpp, line 709]

Events (10 events):
Event: 10005.306 Thread 0x25379400 flushing nmethod 0x02c37008
Event: 10005.306 Thread 0x25379400 flushing nmethod 0x02c76a08
Event: 10007.478 Thread 0x25379400 flushing nmethod 0x02d576c8
Event: 10007.478 Thread 0x25379400 flushing nmethod 0x02df6d48
Event: 10007.478 Thread 0x25379400 flushing nmethod 0x02e0bf88
Event: 10007.819 Thread 0x25379400 flushing nmethod 0x02be0a88
Event: 10010.378 Thread 0x25379400 flushing nmethod 0x02c3d788
Event: 10010.378 Thread 0x25379400 flushing nmethod 0x02c43248
Event: 10010.378 Thread 0x25379400 flushing nmethod 0x02c44ac8
Event: 10010.471 Thread 0x25379400 flushing nmethod 0x02d8b048


Dynamic libraries:
0x00da0000 - 0x00dd3000 	C:\Users\Jimmy\Downloads\energia-1.6.10E18-windows\energia-1.6.10E18\java\bin\javaw.exe
0x77250000 - 0x773d3000 	C:\WINDOWS\SYSTEM32\ntdll.dll
0x74e80000 - 0x74f60000 	C:\WINDOWS\System32\KERNEL32.DLL
0x74470000 - 0x74611000 	C:\WINDOWS\System32\KERNELBASE.dll
0x76c60000 - 0x76cd7000 	C:\WINDOWS\System32\ADVAPI32.dll
0x75780000 - 0x7583e000 	C:\WINDOWS\System32\msvcrt.dll
0x749e0000 - 0x74a21000 	C:\WINDOWS\System32\sechost.dll
0x73d30000 - 0x73df1000 	C:\WINDOWS\System32\RPCRT4.dll
0x73d10000 - 0x73d2e000 	C:\WINDOWS\System32\SspiCli.dll
0x73d00000 - 0x73d0a000 	C:\WINDOWS\System32\CRYPTBASE.dll
0x73e00000 - 0x73e5a000 	C:\WINDOWS\System32\bcryptPrimitives.dll
0x73e60000 - 0x73fbf000 	C:\WINDOWS\System32\USER32.dll
0x76c40000 - 0x76c55000 	C:\WINDOWS\System32\win32u.dll
0x75750000 - 0x7577b000 	C:\WINDOWS\System32\GDI32.dll
0x74b40000 - 0x74c9b000 	C:\WINDOWS\System32\gdi32full.dll
0x71f60000 - 0x7216a000 	C:\WINDOWS\WinSxS\x86_microsoft.windows.common-controls_6595b64144ccf1df_6.0.14393.953_none_89c2555adb023171\COMCTL32.dll
0x751e0000 - 0x753f1000 	C:\WINDOWS\System32\combase.dll
0x74900000 - 0x749e0000 	C:\WINDOWS\System32\ucrtbase.dll
0x75580000 - 0x755a5000 	C:\WINDOWS\System32\IMM32.DLL
0x5b530000 - 0x5b5ef000 	C:\Users\Jimmy\Downloads\energia-1.6.10E18-windows\energia-1.6.10E18\java\bin\msvcr100.dll
0x5b160000 - 0x5b52a000 	C:\Users\Jimmy\Downloads\energia-1.6.10E18-windows\energia-1.6.10E18\java\bin\client\jvm.dll
0x751d0000 - 0x751d6000 	C:\WINDOWS\System32\PSAPI.DLL
0x73810000 - 0x73818000 	C:\WINDOWS\SYSTEM32\VERSION.dll
0x73860000 - 0x73884000 	C:\WINDOWS\SYSTEM32\WINMM.dll
0x718f0000 - 0x718f8000 	C:\WINDOWS\SYSTEM32\WSOCK32.dll
0x75400000 - 0x75463000 	C:\WINDOWS\System32\WS2_32.dll
0x734c0000 - 0x734e3000 	C:\WINDOWS\SYSTEM32\WINMMBASE.dll
0x74430000 - 0x74466000 	C:\WINDOWS\System32\cfgmgr32.dll
0x5b120000 - 0x5b151000 	C:\Users\Jimmy\Downloads\energia-1.6.10E18-windows\energia-1.6.10E18\java\bin\splashscreen.dll
0x73890000 - 0x73905000 	C:\WINDOWS\system32\uxtheme.dll
0x74620000 - 0x74755000 	C:\WINDOWS\System32\MSCTF.dll
0x750e0000 - 0x75174000 	C:\WINDOWS\System32\OLEAUT32.dll
0x75500000 - 0x7557b000 	C:\WINDOWS\System32\msvcp_win.dll
0x5e160000 - 0x5e16c000 	C:\Users\Jimmy\Downloads\energia-1.6.10E18-windows\energia-1.6.10E18\java\bin\verify.dll
0x5b0f0000 - 0x5b111000 	C:\Users\Jimmy\Downloads\energia-1.6.10E18-windows\energia-1.6.10E18\java\bin\java.dll
0x719f0000 - 0x71a6b000 	C:\Program Files (x86)\Common Files\Microsoft Shared\Ink\tiptsf.dll
0x5b0d0000 - 0x5b0e3000 	C:\Users\Jimmy\Downloads\energia-1.6.10E18-windows\energia-1.6.10E18\java\bin\zip.dll
0x748f0000 - 0x748fd000 	C:\WINDOWS\System32\kernel.appcore.dll
0x74760000 - 0x747e4000 	C:\WINDOWS\System32\clbcatq.dll
0x716c0000 - 0x71812000 	C:\Windows\System32\uiautomationcore.dll
0x73740000 - 0x7375a000 	C:\Windows\System32\USERENV.dll
0x747f0000 - 0x747ff000 	C:\WINDOWS\System32\profapi.dll
0x71630000 - 0x716b1000 	C:\WINDOWS\SYSTEM32\sxs.dll
0x715d0000 - 0x71624000 	C:\Windows\System32\OLEACC.dll
0x71560000 - 0x715cc000 	C:\WINDOWS\SYSTEM32\twinapi.dll
0x75470000 - 0x754f8000 	C:\WINDOWS\System32\shcore.dll
0x71460000 - 0x71551000 	C:\WINDOWS\SYSTEM32\twinapi.appcore.dll
0x72b80000 - 0x72b9b000 	C:\WINDOWS\SYSTEM32\bcrypt.dll
0x75860000 - 0x76c39000 	C:\WINDOWS\System32\SHELL32.dll
0x76ce0000 - 0x7724e000 	C:\WINDOWS\System32\windows.storage.dll
0x75700000 - 0x75745000 	C:\WINDOWS\System32\powrprof.dll
0x75180000 - 0x751c6000 	C:\WINDOWS\System32\shlwapi.dll
0x755b0000 - 0x7569a000 	C:\WINDOWS\System32\ole32.dll
0x5af80000 - 0x5b0c5000 	C:\Users\Jimmy\Downloads\energia-1.6.10E18-windows\energia-1.6.10E18\java\bin\awt.dll
0x73c00000 - 0x73c92000 	C:\WINDOWS\SYSTEM32\apphelp.dll
0x73720000 - 0x7373f000 	C:\WINDOWS\system32\dwmapi.dll
0x5af60000 - 0x5af76000 	C:\Users\Jimmy\Downloads\energia-1.6.10E18-windows\energia-1.6.10E18\java\bin\net.dll
0x6e5a0000 - 0x6e5ee000 	C:\WINDOWS\system32\mswsock.dll
0x61740000 - 0x6176c000 	C:\Users\Jimmy\Downloads\energia-1.6.10E18-windows\energia-1.6.10E18\lib\listSerialsj.dll
0x74020000 - 0x7442b000 	C:\WINDOWS\System32\SETUPAPI.dll
0x72520000 - 0x7254f000 	C:\WINDOWS\SYSTEM32\IPHLPAPI.DLL
0x74b30000 - 0x74b37000 	C:\WINDOWS\System32\NSI.dll
0x6e370000 - 0x6e383000 	C:\WINDOWS\SYSTEM32\dhcpcsvc6.DLL
0x6e350000 - 0x6e364000 	C:\WINDOWS\SYSTEM32\dhcpcsvc.DLL
0x72750000 - 0x72763000 	C:\WINDOWS\SYSTEM32\CRYPTSP.dll
0x72720000 - 0x7274f000 	C:\WINDOWS\system32\rsaenh.dll
0x5af50000 - 0x5af5f000 	C:\Users\Jimmy\Downloads\energia-1.6.10E18-windows\energia-1.6.10E18\java\bin\nio.dll
0x6e510000 - 0x6e58d000 	C:\WINDOWS\SYSTEM32\DNSAPI.dll
0x6e500000 - 0x6e508000 	C:\Windows\System32\rasadhlp.dll
0x27310000 - 0x2734d000 	C:\Users\Jimmy\AppData\Local\Temp\jna-71576858\jna2761202004585396434.dll
0x5af10000 - 0x5af49000 	C:\Users\Jimmy\Downloads\energia-1.6.10E18-windows\energia-1.6.10E18\java\bin\fontmanager.dll
0x5aed0000 - 0x5af02000 	C:\Users\Jimmy\Downloads\energia-1.6.10E18-windows\energia-1.6.10E18\java\bin\t2k.dll
0x5ae60000 - 0x5aec9000 	C:\Users\Jimmy\Downloads\energia-1.6.10E18-windows\energia-1.6.10E18\msvcp100.dll
0x5ada0000 - 0x5ae5e000 	C:\Users\Jimmy\Downloads\energia-1.6.10E18-windows\energia-1.6.10E18\msvcr100.dll
0x27c80000 - 0x27cb2000 	C:\Users\Jimmy\Downloads\energia-1.6.10E18-windows\energia-1.6.10E18\lib\AStylej.dll
0x5ad70000 - 0x5ad94000 	C:\Users\Jimmy\Downloads\energia-1.6.10E18-windows\energia-1.6.10E18\java\bin\dcpr.dll
0x60cf0000 - 0x60e5e000 	C:\WINDOWS\SYSTEM32\WindowsCodecs.dll
0x60520000 - 0x60564000 	C:\WINDOWS\system32\dataexchange.dll
0x601d0000 - 0x60400000 	C:\WINDOWS\system32\d3d11.dll
0x60400000 - 0x60513000 	C:\WINDOWS\system32\dcomp.dll
0x695c0000 - 0x69643000 	C:\WINDOWS\system32\dxgi.dll
0x6e4b0000 - 0x6e4f9000 	C:\WINDOWS\System32\fwpuclnt.dll
0x5fe30000 - 0x5fe52000 	C:\WINDOWS\SYSTEM32\DEVOBJ.dll
0x74e20000 - 0x74e64000 	C:\WINDOWS\System32\WINTRUST.dll
0x74e70000 - 0x74e7e000 	C:\WINDOWS\System32\MSASN1.dll
0x74ca0000 - 0x74e1d000 	C:\WINDOWS\System32\CRYPT32.dll
0x64000000 - 0x6401b000 	C:\Users\Jimmy\.jssc\windows\jSSC-2.8_x86.dll
0x5ad20000 - 0x5ad6e000 	C:\WINDOWS\system32\Ninput.dll
0x71b40000 - 0x71c85000 	C:\WINDOWS\SYSTEM32\dbghelp.dll

VM Arguments:
jvm_args: -Dsun.java2d.d3d=false -Djna.nosys=true -DAPP_DIR=C:\Users\Jimmy\Downloads\energia-1.6.10E18-windows\energia-1.6.10E18 -Xms128M -Xmx512M 
java_command: processing.app.Base C:\Users\Jimmy\Documents\GitHub\Science-Software\ScienceIntegrated\science.ino\science.ino.ino
java_class_path (initial): C:\Users\Jimmy\Downloads\energia-1.6.10E18-windows\energia-1.6.10E18\lib\apple.jar;C:\Users\Jimmy\Downloads\energia-1.6.10E18-windows\energia-1.6.10E18\lib\arduino-core.jar;C:\Users\Jimmy\Downloads\energia-1.6.10E18-windows\energia-1.6.10E18\lib\batik-1.8.jar;C:\Users\Jimmy\Downloads\energia-1.6.10E18-windows\energia-1.6.10E18\lib\batik-anim-1.8.jar;C:\Users\Jimmy\Downloads\energia-1.6.10E18-windows\energia-1.6.10E18\lib\batik-awt-util-1.8.jar;C:\Users\Jimmy\Downloads\energia-1.6.10E18-windows\energia-1.6.10E18\lib\batik-bridge-1.8.jar;C:\Users\Jimmy\Downloads\energia-1.6.10E18-windows\energia-1.6.10E18\lib\batik-codec-1.8.jar;C:\Users\Jimmy\Downloads\energia-1.6.10E18-windows\energia-1.6.10E18\lib\batik-css-1.8.jar;C:\Users\Jimmy\Downloads\energia-1.6.10E18-windows\energia-1.6.10E18\lib\batik-dom-1.8.jar;C:\Users\Jimmy\Downloads\energia-1.6.10E18-windows\energia-1.6.10E18\lib\batik-ext-1.8.jar;C:\Users\Jimmy\Downloads\energia-1.6.10E18-windows\energia-1.6.10E18\lib\batik-gvt-1.8.jar;C:\Users\Jimmy\Downloads\energia-1.6.10E18-windows\energia-1.6.10E18\lib\batik-parser-1.8.jar;C:\Users\Jimmy\Downloads\energia-1.6.10E18-windows\energia-1.6.10E18\lib\batik-rasterizer-1.8.jar;C:\Users\Jimmy\Downloads\energia-1.6.10E18-windows\energia-1.6.10E18\lib\batik-script-1.8.jar;C:\Users\Jimmy\Downloads\energia-1.6.10E18-windows\energia-1.6.10E18\lib\batik-squiggle-1.8.jar;C:\Users\Jimmy\Downloads\energia-1.6.10E18-windows\energia-1.6.10E18\lib\batik-svg-dom-1.8.jar;C:\Users\Jimmy\Downloads\energia-1.6.10E18-windows\energia-1.6.10E18\lib\batik-svgpp-1.8.jar;C:\Users\Jimmy\Downloads\energia-1.6.10E18-windows\energia-1.6.10E18\lib\batik-transcoder-1.8.jar;C:\Users\Jimmy\Downloads\energia-1.6.10E18-windows\energia-1.6.10E18\lib\batik-util-1.8.jar;C:\Users\Jimmy\Downloads\energia-1.6.10E18-windows\energia-1.6.10E18\lib\batik-xml-1.8.jar;C:\Users\Jimmy\Downloads\energia-1.6.10E18-windows\energia-1.6.10E18\lib\bcpg-jdk15on-152.jar;C:\Users\Jimmy\Downloads\en
Launcher Type: SUN_STANDARD

Environment Variables:
PATH=C:\WINDOWS\system32;C:\WINDOWS;C:\WINDOWS\System32\Wbem;C:\WINDOWS\System32\WindowsPowerShell\v1.0\;C:\Program Files\TortoiseSVN\bin;C:\Program Files\Git\cmd;C:\Users\Jimmy\AppData\Local\Programs\Python\Python36\Scripts\;C:\Users\Jimmy\AppData\Local\Programs\Python\Python36\;C:\Users\Jimmy\AppData\Local\Microsoft\WindowsApps;C:\Users\Jimmy\Downloads\energia-1.6.10E18-windows\energia-1.6.10E18\java\bin
USERNAME=Jimmy
OS=Windows_NT
PROCESSOR_IDENTIFIER=Intel64 Family 6 Model 69 Stepping 1, GenuineIntel



---------------  S Y S T E M  ---------------

OS: Windows 10.0 , 64 bit Build 14393 (10.0.14393.0)

CPU:total 4 (2 cores per cpu, 2 threads per core) family 6 model 69 stepping 1, cmov, cx8, fxsr, mmx, sse, sse2, sse3, ssse3, sse4.1, sse4.2, popcnt, avx, avx2, aes, clmul, erms, lzcnt, ht, tsc, tscinvbit, bmi1, bmi2

Memory: 4k page, physical 4097096k(1211468k free), swap 7242824k(2156372k free)

vm_info: Java HotSpot(TM) Client VM (25.91-b14) for windows-x86 JRE (1.8.0_91-b14), built on Apr  1 2016 01:01:28 by "java_re" with MS VC++ 10.0 (VS2010)

time: Sun Apr 02 18:18:39 2017
elapsed time: 10013 seconds (0d 2h 46m 53s)

